#
# A fatal error has been detected by the Java Runtime Environment:
#
#  EXCEPTION_ACCESS_VIOLATION (0xc0000005) at pc=0x000000007594e385, pid=11696, tid=0x0000000000001d6c
#
# JRE version: Java(TM) SE Runtime Environment (8.0_321-b07) (build 1.8.0_321-b07)
# Java VM: Java HotSpot(TM) 64-Bit Server VM (25.321-b07 mixed mode windows-amd64 compressed oops)
# Problematic frame:
# V  [jvm.dll+0x7e385]
#
# Failed to write core dump. Minidumps are not enabled by default on client versions of Windows
#
# If you would like to submit a bug report, please visit:
#   http://bugreport.java.com/bugreport/crash.jsp
#

---------------  T H R E A D  ---------------

Current thread (0x0000021dfea37800):  VMThread [stack: 0x000000c346b00000,0x000000c346c00000] [id=7532]

siginfo: ExceptionCode=0xc0000005, reading address 0x0000021c9b606ee0

Registers:
RAX=0x0000000000000001, RBX=0x0000021d9b5753e8, RCX=0x0000021c9b606ee0, RDX=0x0000000000000000
RSP=0x000000c346bfedf0, RBP=0x000000c346bfee60, RSI=0x0000021d9b723438, RDI=0x000000c346bfeed8
R8 =0x0000000000000001, R9 =0x0000000000000001, R10=0x0000000000008000, R11=0x000000c346bfed50
R12=0x000000c346bfee90, R13=0x00000000000027ae, R14=0x00000000000133e8, R15=0x00000000000133e8
RIP=0x000000007594e385, EFLAGS=0x0000000000010246

Top of Stack: (sp=0x000000c346bfedf0)
0x000000c346bfedf0:   0000000000000000 0000000000000000
0x000000c346bfee00:   0000000000000000 0000000076064130
0x000000c346bfee10:   0000000000000000 00000000760641a0
0x000000c346bfee20:   0000000076064130 0000000075eec788
0x000000c346bfee30:   000000c346bfef90 000000007594dc4f
0x000000c346bfee40:   000000c346bfeed4 0000000000000008
0x000000c346bfee50:   000000c346bfeed8 0000000000000000
0x000000c346bfee60:   0000001900018360 0000021d9bca6af0
0x000000c346bfee70:   0000021d98586100 0000000000000000
0x000000c346bfee80:   0000000000000000 0000000075ca292b
0x000000c346bfee90:   00000000000b63d5 0000021dfe8d1920
0x000000c346bfeea0:   0000000075eec788 0000000000000000
0x000000c346bfeeb0:   0000000076064130 000000000000000d
0x000000c346bfeec0:   0000000076064130 000000070000000d
0x000000c346bfeed0:   000000007e680001 0000000000000000
0x000000c346bfeee0:   0000000075eeb468 0000021dfad5a3a0 

Instructions: (pc=0x000000007594e385)
0x000000007594e365:   db 74 77 f6 43 08 01 74 0a 48 83 3d b2 18 74 00
0x000000007594e375:   00 74 67 48 8b 4b 10 33 d2 44 8b 05 eb c3 70 00
0x000000007594e385:   0f b7 01 85 c0 0f 45 d0 41 8d 40 ff 83 c2 0f 41
0x000000007594e395:   f7 d8 c1 ea 03 03 c2 48 63 d0 49 63 c0 48 23 d0 


Register to memory mapping:

RAX=0x0000000000000001 is an unknown value
RBX=0x0000021d9b5753e8 is an unknown value
RCX=0x0000021c9b606ee0 is an unknown value
RDX=0x0000000000000000 is an unknown value
RSP=0x000000c346bfedf0 is an unknown value
RBP=0x000000c346bfee60 is an unknown value
RSI=0x0000021d9b723438 is an unknown value
RDI=0x000000c346bfeed8 is an unknown value
R8 =0x0000000000000001 is an unknown value
R9 =0x0000000000000001 is an unknown value
R10=0x0000000000008000 is an unknown value
R11=0x000000c346bfed50 is an unknown value
R12=0x000000c346bfee90 is an unknown value
R13=0x00000000000027ae is an unknown value
R14=0x00000000000133e8 is an unknown value
R15=0x00000000000133e8 is an unknown value


Stack: [0x000000c346b00000,0x000000c346c00000],  sp=0x000000c346bfedf0,  free space=1019k
Native frames: (J=compiled Java code, j=interpreted, Vv=VM code, C=native code)
V  [jvm.dll+0x7e385]
V  [jvm.dll+0x7dc4f]
V  [jvm.dll+0x3d292b]
V  [jvm.dll+0x3d1e3a]
V  [jvm.dll+0x3d18cb]
V  [jvm.dll+0x3d94c5]
V  [jvm.dll+0x246507]
V  [jvm.dll+0x244c55]
V  [jvm.dll+0x2453ec]
V  [jvm.dll+0x2456fc]
V  [jvm.dll+0x292edc]
C  [ucrtbase.dll+0x21bb2]
C  [KERNEL32.DLL+0x17034]
C  [ntdll.dll+0x52651]

VM_Operation (0x000000c3480fec60): ParallelGCSystemGC, mode: safepoint, requested by thread 0x0000021d9bd12000


---------------  P R O C E S S  ---------------

Java Threads: ( => current thread )
  0x0000021d9bd12000 JavaThread "Thread-7" [_thread_blocked, id=13640, stack(0x000000c348000000,0x000000c348100000)]
  0x0000021d9bd17800 JavaThread "RMI TCP Connection(idle)" daemon [_thread_blocked, id=11472, stack(0x000000c349100000,0x000000c349200000)]
  0x0000021d9bd13000 JavaThread "DestroyJavaVM" [_thread_blocked, id=14812, stack(0x000000c346200000,0x000000c346300000)]
  0x0000021d99a47000 JavaThread "Live Reload Server" daemon [_thread_in_native, id=13872, stack(0x000000c348a00000,0x000000c348b00000)]
  0x0000021d99a45000 JavaThread "mysql-cj-abandoned-connection-cleanup" daemon [_thread_blocked, id=7628, stack(0x000000c348500000,0x000000c348600000)]
  0x0000021d98e84800 JavaThread "JMX server connection timeout 24" daemon [_thread_blocked, id=12580, stack(0x000000c348100000,0x000000c348200000)]
  0x0000021d98e84000 JavaThread "RMI Scheduler(0)" daemon [_thread_blocked, id=264, stack(0x000000c347f00000,0x000000c348000000)]
  0x0000021d98309800 JavaThread "RMI TCP Accept-0" daemon [_thread_in_native, id=8660, stack(0x000000c347a00000,0x000000c347b00000)]
  0x0000021d982f5000 JavaThread "RMI TCP Accept-49789" daemon [_thread_in_native, id=12380, stack(0x000000c347900000,0x000000c347a00000)]
  0x0000021d982ee800 JavaThread "RMI TCP Accept-0" daemon [_thread_in_native, id=14676, stack(0x000000c347800000,0x000000c347900000)]
  0x0000021d980a5000 JavaThread "Service Thread" daemon [_thread_blocked, id=2956, stack(0x000000c347700000,0x000000c347800000)]
  0x0000021d97ffb800 JavaThread "C1 CompilerThread3" daemon [_thread_blocked, id=12772, stack(0x000000c347600000,0x000000c347700000)]
  0x0000021d9800c800 JavaThread "C2 CompilerThread2" daemon [_thread_blocked, id=1224, stack(0x000000c347500000,0x000000c347600000)]
  0x0000021d9800c000 JavaThread "C2 CompilerThread1" daemon [_thread_blocked, id=16064, stack(0x000000c347400000,0x000000c347500000)]
  0x0000021d9800b000 JavaThread "C2 CompilerThread0" daemon [_thread_blocked, id=12048, stack(0x000000c347300000,0x000000c347400000)]
  0x0000021dfeaca800 JavaThread "JDWP Command Reader" daemon [_thread_in_native, id=3352, stack(0x000000c347200000,0x000000c347300000)]
  0x0000021dfeaca000 JavaThread "JDWP Event Helper Thread" daemon [_thread_blocked, id=4988, stack(0x000000c347100000,0x000000c347200000)]
  0x0000021dfeab9800 JavaThread "JDWP Transport Listener: dt_socket" daemon [_thread_blocked, id=5676, stack(0x000000c347000000,0x000000c347100000)]
  0x0000021dfea98000 JavaThread "Attach Listener" daemon [_thread_blocked, id=15924, stack(0x000000c346f00000,0x000000c347000000)]
  0x0000021dfea97800 JavaThread "Signal Dispatcher" daemon [_thread_blocked, id=4176, stack(0x000000c346e00000,0x000000c346f00000)]
  0x0000021dfea70000 JavaThread "Finalizer" daemon [_thread_blocked, id=13440, stack(0x000000c346d00000,0x000000c346e00000)]
  0x0000021dfea61000 JavaThread "Reference Handler" daemon [_thread_blocked, id=15568, stack(0x000000c346c00000,0x000000c346d00000)]

Other Threads:
=>0x0000021dfea37800 VMThread [stack: 0x000000c346b00000,0x000000c346c00000] [id=7532]
  0x0000021d9830a000 WatcherThread [stack: 0x000000c347b00000,0x000000c347c00000] [id=11896]

VM state:at safepoint (normal execution)

VM Mutex/Monitor currently owned by a thread:  ([mutex/lock_event])
[0x0000021dfad39f20] Threads_lock - owner thread: 0x0000021dfea37800
[0x0000021dfad394a0] Heap_lock - owner thread: 0x0000021d9bd12000

heap address: 0x00000006c2400000, size: 4060 MB, Compressed Oops mode: Zero based, Oop shift amount: 3
Narrow klass base: 0x0000000000000000, Narrow klass shift: 3
Compressed class space size: 1073741824 Address: 0x00000007c0000000

Heap:
 PSYoungGen      total 297984K, used 11436K [0x000000076b700000, 0x000000077f680000, 0x00000007c0000000)
  eden space 286208K, 0% used [0x000000076b700000,0x000000076b700000,0x000000077ce80000)
  from space 11776K, 97% used [0x000000077eb00000,0x000000077f62b2b0,0x000000077f680000)
  to   space 16384K, 0% used [0x000000077d680000,0x000000077d680000,0x000000077e680000)
 ParOldGen       total 210944K, used 22297K [0x00000006c2400000, 0x00000006cf200000, 0x000000076b700000)
  object space 210944K, 10% used [0x00000006c2400000,0x00000006c39c66d0,0x00000006cf200000)
 Metaspace       used 63992K, capacity 67852K, committed 68056K, reserved 1107968K
  class space    used 8993K, capacity 9642K, committed 9688K, reserved 1048576K

Card table byte_map: [0x0000021dfcad0000,0x0000021dfd2c0000] byte_map_base: 0x0000021df94be000

Marking Bits: (ParMarkBitMap*) 0x00000000760b9030
 Begin Bits: [0x0000021d8f000000, 0x0000021d92f70000)
 End Bits:   [0x0000021d92f70000, 0x0000021d96ee0000)

Polling page: 0x0000021dfaed0000

CodeCache: size=245760Kb used=9701Kb max_used=9736Kb free=236058Kb
 bounds [0x0000021d80000000, 0x0000021d80990000, 0x0000021d8f000000]
 total_blobs=5366 nmethods=4777 adapters=508
 compilation: enabled

Compilation events (10 events):
Event: 174.092 Thread 0x0000021d97ffb800 4833       1       java.util.ArrayList$SubList$1::hasNext (20 bytes)
Event: 174.093 Thread 0x0000021d97ffb800 nmethod 4833 0x0000021d80982990 code [0x0000021d80982ae0, 0x0000021d80982c18]
Event: 174.093 Thread 0x0000021d97ffb800 4834       1       java.util.concurrent.ThreadPoolExecutor$Worker::unlock (7 bytes)
Event: 174.093 Thread 0x0000021d97ffb800 nmethod 4834 0x0000021d80982c90 code [0x0000021d80982de0, 0x0000021d80982f70]
Event: 174.094 Thread 0x0000021d97ffb800 4835       1       java.util.concurrent.ThreadPoolExecutor$Worker::tryRelease (12 bytes)
Event: 174.094 Thread 0x0000021d97ffb800 nmethod 4835 0x0000021d80983050 code [0x0000021d809831a0, 0x0000021d809832d8]
Event: 174.094 Thread 0x0000021d97ffb800 4836   !   1       java.net.Socket::isClosed (19 bytes)
Event: 174.095 Thread 0x0000021d97ffb800 nmethod 4836 0x0000021d80983350 code [0x0000021d809834c0, 0x0000021d80983778]
Event: 174.095 Thread 0x0000021d97ffb800 4837       1       java.util.concurrent.ConcurrentHashMap::entrySet (27 bytes)
Event: 174.095 Thread 0x0000021d97ffb800 nmethod 4837 0x0000021d80620510 code [0x0000021d80620660, 0x0000021d80620818]

GC Heap History (10 events):
Event: 3.861 GC heap after
Heap after GC invocations=9 (full 2):
 PSYoungGen      total 169984K, used 12259K [0x000000076b700000, 0x000000077b400000, 0x00000007c0000000)
  eden space 157696K, 0% used [0x000000076b700000,0x000000076b700000,0x0000000775100000)
  from space 12288K, 99% used [0x0000000775100000,0x0000000775cf8d60,0x0000000775d00000)
  to   space 14336K, 0% used [0x000000077a600000,0x000000077a600000,0x000000077b400000)
 ParOldGen       total 157184K, used 18056K [0x00000006c2400000, 0x00000006cbd80000, 0x000000076b700000)
  object space 157184K, 11% used [0x00000006c2400000,0x00000006c35a22f8,0x00000006cbd80000)
 Metaspace       used 44731K, capacity 47114K, committed 47320K, reserved 1089536K
  class space    used 6152K, capacity 6587K, committed 6616K, reserved 1048576K
}
Event: 4.838 GC heap before
{Heap before GC invocations=10 (full 2):
 PSYoungGen      total 169984K, used 169955K [0x000000076b700000, 0x000000077b400000, 0x00000007c0000000)
  eden space 157696K, 100% used [0x000000076b700000,0x0000000775100000,0x0000000775100000)
  from space 12288K, 99% used [0x0000000775100000,0x0000000775cf8d60,0x0000000775d00000)
  to   space 14336K, 0% used [0x000000077a600000,0x000000077a600000,0x000000077b400000)
 ParOldGen       total 157184K, used 18056K [0x00000006c2400000, 0x00000006cbd80000, 0x000000076b700000)
  object space 157184K, 11% used [0x00000006c2400000,0x00000006c35a22f8,0x00000006cbd80000)
 Metaspace       used 53923K, capacity 57016K, committed 57304K, reserved 1097728K
  class space    used 7584K, capacity 8112K, committed 8152K, reserved 1048576K
Event: 4.850 GC heap after
Heap after GC invocations=10 (full 2):
 PSYoungGen      total 242688K, used 14305K [0x000000076b700000, 0x000000077b600000, 0x00000007c0000000)
  eden space 228352K, 0% used [0x000000076b700000,0x000000076b700000,0x0000000779600000)
  from space 14336K, 99% used [0x000000077a600000,0x000000077b3f86c0,0x000000077b400000)
  to   space 16384K, 0% used [0x0000000779600000,0x0000000779600000,0x000000077a600000)
 ParOldGen       total 157184K, used 19028K [0x00000006c2400000, 0x00000006cbd80000, 0x000000076b700000)
  object space 157184K, 12% used [0x00000006c2400000,0x00000006c36952f8,0x00000006cbd80000)
 Metaspace       used 53923K, capacity 57016K, committed 57304K, reserved 1097728K
  class space    used 7584K, capacity 8112K, committed 8152K, reserved 1048576K
}
Event: 5.066 GC heap before
{Heap before GC invocations=11 (full 2):
 PSYoungGen      total 242688K, used 56124K [0x000000076b700000, 0x000000077b600000, 0x00000007c0000000)
  eden space 228352K, 18% used [0x000000076b700000,0x000000076dfd69d0,0x0000000779600000)
  from space 14336K, 99% used [0x000000077a600000,0x000000077b3f86c0,0x000000077b400000)
  to   space 16384K, 0% used [0x0000000779600000,0x0000000779600000,0x000000077a600000)
 ParOldGen       total 157184K, used 19028K [0x00000006c2400000, 0x00000006cbd80000, 0x000000076b700000)
  object space 157184K, 12% used [0x00000006c2400000,0x00000006c36952f8,0x00000006cbd80000)
 Metaspace       used 55640K, capacity 58922K, committed 59028K, reserved 1099776K
  class space    used 7847K, capacity 8393K, committed 8408K, reserved 1048576K
Event: 5.073 GC heap after
Heap after GC invocations=11 (full 2):
 PSYoungGen      total 244736K, used 10979K [0x000000076b700000, 0x000000077fb00000, 0x00000007c0000000)
  eden space 228352K, 0% used [0x000000076b700000,0x000000076b700000,0x0000000779600000)
  from space 16384K, 67% used [0x0000000779600000,0x000000077a0b8dc8,0x000000077a600000)
  to   space 16384K, 0% used [0x000000077eb00000,0x000000077eb00000,0x000000077fb00000)
 ParOldGen       total 157184K, used 19036K [0x00000006c2400000, 0x00000006cbd80000, 0x000000076b700000)
  object space 157184K, 12% used [0x00000006c2400000,0x00000006c36972f8,0x00000006cbd80000)
 Metaspace       used 55640K, capacity 58922K, committed 59028K, reserved 1099776K
  class space    used 7847K, capacity 8393K, committed 8408K, reserved 1048576K
}
Event: 5.073 GC heap before
{Heap before GC invocations=12 (full 3):
 PSYoungGen      total 244736K, used 10979K [0x000000076b700000, 0x000000077fb00000, 0x00000007c0000000)
  eden space 228352K, 0% used [0x000000076b700000,0x000000076b700000,0x0000000779600000)
  from space 16384K, 67% used [0x0000000779600000,0x000000077a0b8dc8,0x000000077a600000)
  to   space 16384K, 0% used [0x000000077eb00000,0x000000077eb00000,0x000000077fb00000)
 ParOldGen       total 157184K, used 19036K [0x00000006c2400000, 0x00000006cbd80000, 0x000000076b700000)
  object space 157184K, 12% used [0x00000006c2400000,0x00000006c36972f8,0x00000006cbd80000)
 Metaspace       used 55640K, capacity 58922K, committed 59028K, reserved 1099776K
  class space    used 7847K, capacity 8393K, committed 8408K, reserved 1048576K
Event: 5.160 GC heap after
Heap after GC invocations=12 (full 3):
 PSYoungGen      total 244736K, used 0K [0x000000076b700000, 0x000000077fb00000, 0x00000007c0000000)
  eden space 228352K, 0% used [0x000000076b700000,0x000000076b700000,0x0000000779600000)
  from space 16384K, 0% used [0x0000000779600000,0x0000000779600000,0x000000077a600000)
  to   space 16384K, 0% used [0x000000077eb00000,0x000000077eb00000,0x000000077fb00000)
 ParOldGen       total 210944K, used 22289K [0x00000006c2400000, 0x00000006cf200000, 0x000000076b700000)
  object space 210944K, 10% used [0x00000006c2400000,0x00000006c39c46d0,0x00000006cf200000)
 Metaspace       used 55640K, capacity 58922K, committed 59028K, reserved 1099776K
  class space    used 7847K, capacity 8393K, committed 8408K, reserved 1048576K
}
Event: 174.095 GC heap before
{Heap before GC invocations=13 (full 3):
 PSYoungGen      total 244736K, used 191918K [0x000000076b700000, 0x000000077fb00000, 0x00000007c0000000)
  eden space 228352K, 84% used [0x000000076b700000,0x000000077726b808,0x0000000779600000)
  from space 16384K, 0% used [0x0000000779600000,0x0000000779600000,0x000000077a600000)
  to   space 16384K, 0% used [0x000000077eb00000,0x000000077eb00000,0x000000077fb00000)
 ParOldGen       total 210944K, used 22289K [0x00000006c2400000, 0x00000006cf200000, 0x000000076b700000)
  object space 210944K, 10% used [0x00000006c2400000,0x00000006c39c46d0,0x00000006cf200000)
 Metaspace       used 63992K, capacity 67852K, committed 68056K, reserved 1107968K
  class space    used 8993K, capacity 9642K, committed 9688K, reserved 1048576K
Event: 174.103 GC heap after
Heap after GC invocations=13 (full 3):
 PSYoungGen      total 297984K, used 11436K [0x000000076b700000, 0x000000077f680000, 0x00000007c0000000)
  eden space 286208K, 0% used [0x000000076b700000,0x000000076b700000,0x000000077ce80000)
  from space 11776K, 97% used [0x000000077eb00000,0x000000077f62b2b0,0x000000077f680000)
  to   space 16384K, 0% used [0x000000077d680000,0x000000077d680000,0x000000077e680000)
 ParOldGen       total 210944K, used 22297K [0x00000006c2400000, 0x00000006cf200000, 0x000000076b700000)
  object space 210944K, 10% used [0x00000006c2400000,0x00000006c39c66d0,0x00000006cf200000)
 Metaspace       used 63992K, capacity 67852K, committed 68056K, reserved 1107968K
  class space    used 8993K, capacity 9642K, committed 9688K, reserved 1048576K
}
Event: 174.103 GC heap before
{Heap before GC invocations=14 (full 4):
 PSYoungGen      total 297984K, used 11436K [0x000000076b700000, 0x000000077f680000, 0x00000007c0000000)
  eden space 286208K, 0% used [0x000000076b700000,0x000000076b700000,0x000000077ce80000)
  from space 11776K, 97% used [0x000000077eb00000,0x000000077f62b2b0,0x000000077f680000)
  to   space 16384K, 0% used [0x000000077d680000,0x000000077d680000,0x000000077e680000)
 ParOldGen       total 210944K, used 22297K [0x00000006c2400000, 0x00000006cf200000, 0x000000076b700000)
  object space 210944K, 10% used [0x00000006c2400000,0x00000006c39c66d0,0x00000006cf200000)
 Metaspace       used 63992K, capacity 67852K, committed 68056K, reserved 1107968K
  class space    used 8993K, capacity 9642K, committed 9688K, reserved 1048576K

Deoptimization events (0 events):
No events

Classes redefined (0 events):
No events

Internal exceptions (10 events):
Event: 4.789 Thread 0x0000021d9876e800 Exception <a 'java/lang/ClassNotFoundException': org/springframework/beans/factory/AwareCustomizer> (0x0000000774630180) thrown at [C:\jenkins\workspace\8-2-build-windows-amd64-cygwin\jdk8u321\2141\hotspot\src\share\vm\classfile\systemDictionary.cpp, line
Event: 4.949 Thread 0x0000021d9876e800 Exception <a 'java/lang/ClassNotFoundException': java/lang/ObjectCustomizer> (0x000000076ca6c000) thrown at [C:\jenkins\workspace\8-2-build-windows-amd64-cygwin\jdk8u321\2141\hotspot\src\share\vm\classfile\systemDictionary.cpp, line 212]
Event: 4.950 Thread 0x0000021d9876e800 Exception <a 'java/lang/ClassNotFoundException': org/springframework/security/config/annotation/web/configuration/HttpSecurityConfigurationCustomizer> (0x000000076ca908f8) thrown at [C:\jenkins\workspace\8-2-build-windows-amd64-cygwin\jdk8u321\2141\hotspo
Event: 4.951 Thread 0x0000021d9876e800 Exception <a 'java/lang/NoSuchMethodError': java.lang.Object.lambda$byAnnotation$0(Ljava/lang/Class;Ljava/lang/Class;)Z> (0x000000076ca9cfa0) thrown at [C:\jenkins\workspace\8-2-build-windows-amd64-cygwin\jdk8u321\2141\hotspot\src\share\vm\interpreter\lin
Event: 5.167 Thread 0x0000021d98e86800 Exception <a 'java/lang/reflect/InvocationTargetException'> (0x000000076bb14698) thrown at [C:\jenkins\workspace\8-2-build-windows-amd64-cygwin\jdk8u321\2141\hotspot\src\share\vm\runtime\reflection.cpp, line 1092]
Event: 5.252 Thread 0x0000021d9876e800 Exception <a 'java/lang/IncompatibleClassChangeError': Found class java.lang.Object, but interface was expected> (0x000000076c57b100) thrown at [C:\jenkins\workspace\8-2-build-windows-amd64-cygwin\jdk8u321\2141\hotspot\src\share\vm\interpreter\linkResolve
Event: 110.507 Thread 0x0000021d9bd15000 Exception <a 'java/lang/NoSuchMethodError': java.lang.Object.lambda$static$0(Lorg/hibernate/type/EntityType;Ljava/lang/Object;Lorg/hibernate/engine/spi/SharedSessionContractImplementor;Ljava/lang/Object;Ljava/lang/Boolean;)Ljava/lang/Object;> (0x000000077
Event: 110.640 Thread 0x0000021d9bd16000 Exception <a 'java/lang/NoSuchMethodError': java.lang.Object.lambda$mapIfAllPresent$6(Ljava/util/Optional;Ljava/util/function/BiFunction;Ljava/lang/Object;)Ljava/util/Optional;> (0x000000077661afc0) thrown at [C:\jenkins\workspace\8-2-build-windows-amd64-
Event: 110.641 Thread 0x0000021d9bd16000 Exception <a 'java/lang/NoSuchMethodError': java.lang.Object.lambda$null$5(Ljava/util/function/BiFunction;Ljava/lang/Object;Ljava/lang/Object;)Ljava/lang/Object;> (0x000000077661fe48) thrown at [C:\jenkins\workspace\8-2-build-windows-amd64-cygwin\jdk8u321
Event: 174.080 Thread 0x0000021d99a4b800 Exception <a 'java/lang/InterruptedException': sleep interrupted> (0x0000000777030a28) thrown at [C:\jenkins\workspace\8-2-build-windows-amd64-cygwin\jdk8u321\2141\hotspot\src\share\vm\prims\jvm.cpp, line 3369]

Events (10 events):
Event: 174.094 Executing VM operation: RevokeBias
Event: 174.094 Executing VM operation: RevokeBias done
Event: 174.094 Thread 0x0000021d9bd10000 Thread exited: 0x0000021d9bd10000
Event: 174.095 Thread 0x0000021d97ffb800 flushing nmethod 0x0000021d805b07d0
Event: 174.095 Thread 0x0000021d97ffb800 flushing nmethod 0x0000021d80620250
Event: 174.095 Thread 0x0000021d97ffb800 flushing nmethod 0x0000021d80638a10
Event: 174.095 Thread 0x0000021d97ffb800 flushing nmethod 0x0000021d80655950
Event: 174.095 Thread 0x0000021d97ffb800 flushing nmethod 0x0000021d8065ca50
Event: 174.095 Thread 0x0000021d97ffb800 flushing nmethod 0x0000021d80686450
Event: 174.095 Executing VM operation: ParallelGCSystemGC


Dynamic libraries:
0x00007ff690e10000 - 0x00007ff690e57000 	C:\Program Files\Java\jdk1.8.0_321\bin\javaw.exe
0x00007ff8cf930000 - 0x00007ff8cfb25000 	C:\Windows\SYSTEM32\ntdll.dll
0x00007ff8cd9b0000 - 0x00007ff8cda6d000 	C:\Windows\System32\KERNEL32.DLL
0x00007ff8cd6b0000 - 0x00007ff8cd97d000 	C:\Windows\System32\KERNELBASE.dll
0x00007ff8ce6d0000 - 0x00007ff8ce77e000 	C:\Windows\System32\ADVAPI32.dll
0x00007ff8ce9b0000 - 0x00007ff8cea4e000 	C:\Windows\System32\msvcrt.dll
0x00007ff8ce630000 - 0x00007ff8ce6cc000 	C:\Windows\System32\sechost.dll
0x00007ff8cef80000 - 0x00007ff8cf0a5000 	C:\Windows\System32\RPCRT4.dll
0x00007ff8ce290000 - 0x00007ff8ce430000 	C:\Windows\System32\USER32.dll
0x00007ff8cd140000 - 0x00007ff8cd162000 	C:\Windows\System32\win32u.dll
0x00007ff8cd980000 - 0x00007ff8cd9aa000 	C:\Windows\System32\GDI32.dll
0x00007ff8cd360000 - 0x00007ff8cd46b000 	C:\Windows\System32\gdi32full.dll
0x00007ff8cd200000 - 0x00007ff8cd29d000 	C:\Windows\System32\msvcp_win.dll
0x00007ff8cd040000 - 0x00007ff8cd140000 	C:\Windows\System32\ucrtbase.dll
0x00007ff8cc450000 - 0x00007ff8cc6ea000 	C:\Windows\WinSxS\amd64_microsoft.windows.common-controls_6595b64144ccf1df_6.0.19041.1110_none_60b5254171f9507e\COMCTL32.dll
0x00007ff8cef50000 - 0x00007ff8cef80000 	C:\Windows\System32\IMM32.DLL
0x00007ff8c7910000 - 0x00007ff8c7925000 	C:\Program Files\Java\jdk1.8.0_321\jre\bin\vcruntime140.dll
0x00007ff8a8600000 - 0x00007ff8a869b000 	C:\Program Files\Java\jdk1.8.0_321\jre\bin\msvcp140.dll
0x00000000758d0000 - 0x0000000076131000 	C:\Program Files\Java\jdk1.8.0_321\jre\bin\server\jvm.dll
0x00007ff8ce8a0000 - 0x00007ff8ce8a8000 	C:\Windows\System32\PSAPI.DLL
0x00007ff8c7f70000 - 0x00007ff8c7f79000 	C:\Windows\SYSTEM32\WSOCK32.dll
0x00007ff8c5ff0000 - 0x00007ff8c5ffa000 	C:\Windows\SYSTEM32\VERSION.dll
0x00007ff8c42c0000 - 0x00007ff8c42e7000 	C:\Windows\SYSTEM32\WINMM.dll
0x00007ff8ce5c0000 - 0x00007ff8ce62b000 	C:\Windows\System32\WS2_32.dll
0x00007ff8ca280000 - 0x00007ff8ca292000 	C:\Windows\SYSTEM32\kernel.appcore.dll
0x00007ff8c7900000 - 0x00007ff8c7910000 	C:\Program Files\Java\jdk1.8.0_321\jre\bin\verify.dll
0x00007ff8c7560000 - 0x00007ff8c758b000 	C:\Program Files\Java\jdk1.8.0_321\jre\bin\java.dll
0x00007ff8c5d20000 - 0x00007ff8c5d56000 	C:\Program Files\Java\jdk1.8.0_321\jre\bin\jdwp.dll
0x00007ff8c78f0000 - 0x00007ff8c78f9000 	C:\Program Files\Java\jdk1.8.0_321\jre\bin\npt.dll
0x00007ff8c74e0000 - 0x00007ff8c7510000 	C:\Program Files\Java\jdk1.8.0_321\jre\bin\instrument.dll
0x00007ff8c78c0000 - 0x00007ff8c78d8000 	C:\Program Files\Java\jdk1.8.0_321\jre\bin\zip.dll
0x00007ff8cdb40000 - 0x00007ff8ce284000 	C:\Windows\System32\SHELL32.dll
0x00007ff8ca480000 - 0x00007ff8cac14000 	C:\Windows\SYSTEM32\windows.storage.dll
0x00007ff8cf2b0000 - 0x00007ff8cf604000 	C:\Windows\System32\combase.dll
0x00007ff8cc3b0000 - 0x00007ff8cc3dc000 	C:\Windows\SYSTEM32\Wldp.dll
0x00007ff8ce510000 - 0x00007ff8ce5bd000 	C:\Windows\System32\SHCORE.dll
0x00007ff8ce8b0000 - 0x00007ff8ce905000 	C:\Windows\System32\shlwapi.dll
0x00007ff8ccf80000 - 0x00007ff8ccf9f000 	C:\Windows\SYSTEM32\profapi.dll
0x00007ff8c77f0000 - 0x00007ff8c77fa000 	C:\Program Files\Java\jdk1.8.0_321\jre\bin\dt_socket.dll
0x00007ff8b8f30000 - 0x00007ff8b8f47000 	C:\Windows\system32\napinsp.dll
0x00007ff8b7c00000 - 0x00007ff8b7c1b000 	C:\Windows\system32\pnrpnsp.dll
0x00007ff8b0100000 - 0x00007ff8b0115000 	C:\Windows\system32\wshbth.dll
0x00007ff8c7ed0000 - 0x00007ff8c7eed000 	C:\Windows\system32\NLAapi.dll
0x00007ff8cbe00000 - 0x00007ff8cbe3b000 	C:\Windows\SYSTEM32\IPHLPAPI.DLL
0x00007ff8cc100000 - 0x00007ff8cc16a000 	C:\Windows\System32\mswsock.dll
0x00007ff8cbe40000 - 0x00007ff8cbf0b000 	C:\Windows\SYSTEM32\DNSAPI.dll
0x00007ff8ce890000 - 0x00007ff8ce898000 	C:\Windows\System32\NSI.dll
0x00007ff890030000 - 0x00007ff890042000 	C:\Windows\System32\winrnr.dll
0x00007ff8c0040000 - 0x00007ff8c00c0000 	C:\Windows\System32\fwpuclnt.dll
0x00007ff8cd470000 - 0x00007ff8cd497000 	C:\Windows\System32\bcrypt.dll
0x00007ff8c04b0000 - 0x00007ff8c04ba000 	C:\Windows\System32\rasadhlp.dll
0x00007ff8c77e0000 - 0x00007ff8c77ed000 	C:\Program Files\Java\jdk1.8.0_321\jre\bin\management.dll
0x00007ff8a9f20000 - 0x00007ff8a9f3c000 	C:\Program Files\Java\jdk1.8.0_321\jre\bin\net.dll
0x00007ff8a9f00000 - 0x00007ff8a9f13000 	C:\Program Files\Java\jdk1.8.0_321\jre\bin\nio.dll
0x00007ff8ccdd0000 - 0x00007ff8ccde8000 	C:\Windows\SYSTEM32\CRYPTSP.dll
0x00007ff8cbab0000 - 0x00007ff8cbae4000 	C:\Windows\system32\rsaenh.dll
0x00007ff8ccf40000 - 0x00007ff8ccf6e000 	C:\Windows\SYSTEM32\USERENV.dll
0x00007ff8cd170000 - 0x00007ff8cd1f2000 	C:\Windows\System32\bcryptprimitives.dll
0x00007ff8cc1f0000 - 0x00007ff8cc1fc000 	C:\Windows\SYSTEM32\CRYPTBASE.dll
0x00007ff8c5f00000 - 0x00007ff8c5f17000 	C:\Windows\SYSTEM32\dhcpcsvc6.DLL
0x00007ff8c57b0000 - 0x00007ff8c57cd000 	C:\Windows\SYSTEM32\dhcpcsvc.DLL
0x00007ff8cc850000 - 0x00007ff8cca34000 	C:\Windows\SYSTEM32\dbghelp.dll

VM Arguments:
jvm_args: -agentlib:jdwp=transport=dt_socket,suspend=y,address=localhost:49790 -Dcom.sun.management.jmxremote -Dcom.sun.management.jmxremote.port=49789 -Dcom.sun.management.jmxremote.authenticate=false -Dcom.sun.management.jmxremote.ssl=false -Djava.rmi.server.hostname=localhost -Dspring.jmx.enabled=true -Dspring.application.admin.enabled=true -XX:TieredStopAtLevel=1 -Dspring.boot.project.name=ProyectoFinDeMaster -javaagent:C:\Program Files\Spring_tools\sts-4.14.0.RELEASE\configuration\org.eclipse.osgi\265\0\.cp\lib\javaagent-shaded.jar -Dfile.encoding=UTF-8 
java_command: alejandro.torres.EjercicioSpringSecurityApplication --spring.output.ansi.enabled=always
java_class_path (initial): D:\Proyectos\workSpace_SpringTools\ProyectoFinDeMaster\target\classes;C:\Users\Ales\.m2\repository\org\springframework\boot\spring-boot-starter-data-jpa\2.5.5\spring-boot-starter-data-jpa-2.5.5.jar;C:\Users\Ales\.m2\repository\org\springframework\boot\spring-boot-starter-aop\2.5.5\spring-boot-starter-aop-2.5.5.jar;C:\Users\Ales\.m2\repository\org\aspectj\aspectjweaver\1.9.7\aspectjweaver-1.9.7.jar;C:\Users\Ales\.m2\repository\org\springframework\boot\spring-boot-starter-jdbc\2.5.5\spring-boot-starter-jdbc-2.5.5.jar;C:\Users\Ales\.m2\repository\com\zaxxer\HikariCP\4.0.3\HikariCP-4.0.3.jar;C:\Users\Ales\.m2\repository\org\springframework\spring-jdbc\5.3.10\spring-jdbc-5.3.10.jar;C:\Users\Ales\.m2\repository\jakarta\transaction\jakarta.transaction-api\1.3.3\jakarta.transaction-api-1.3.3.jar;C:\Users\Ales\.m2\repository\jakarta\persistence\jakarta.persistence-api\2.2.3\jakarta.persistence-api-2.2.3.jar;C:\Users\Ales\.m2\repository\org\hibernate\hibernate-core\5.4.32.Final\hibernate-core-5.4.32.Final.jar;C:\Users\Ales\.m2\repository\org\jboss\logging\jboss-logging\3.4.2.Final\jboss-logging-3.4.2.Final.jar;C:\Users\Ales\.m2\repository\org\javassist\javassist\3.27.0-GA\javassist-3.27.0-GA.jar;C:\Users\Ales\.m2\repository\net\bytebuddy\byte-buddy\1.10.22\byte-buddy-1.10.22.jar;C:\Users\Ales\.m2\repository\antlr\antlr\2.7.7\antlr-2.7.7.jar;C:\Users\Ales\.m2\repository\org\jboss\jandex\2.2.3.Final\jandex-2.2.3.Final.jar;C:\Users\Ales\.m2\repository\com\fasterxml\classmate\1.5.1\classmate-1.5.1.jar;C:\Users\Ales\.m2\repository\org\dom4j\dom4j\2.1.3\dom4j-2.1.3.jar;C:\Users\Ales\.m2\repository\org\hibernate\common\hibernate-commons-annotations\5.1.2.Final\hibernate-commons-annotations-5.1.2.Final.jar;C:\Users\Ales\.m2\repository\org\glassfish\jaxb\jaxb-runtime\2.3.5\jaxb-runtime-2.3.5.jar;C:\Users\Ales\.m2\repository\org\glassfish\jaxb\txw2\2.3.5\txw2-2.3.5.jar;C:\Users\Ales\.m2\repository\com\sun\istack\istack-commons-runtime\3.0.12\istack-commons-
Launcher Type: SUN_STANDARD

Environment Variables:
PATH=C:\Program Files\Java\jdk1.8.0_321\jre\bin;C:/Program Files/Spring_tools/sts-4.14.0.RELEASE//plugins/org.eclipse.justj.openjdk.hotspot.jre.full.win32.x86_64_17.0.2.v20220201-1208/jre/bin/server;C:/Program Files/Spring_tools/sts-4.14.0.RELEASE//plugins/org.eclipse.justj.openjdk.hotspot.jre.full.win32.x86_64_17.0.2.v20220201-1208/jre/bin;C:\Program Files\Common Files\Oracle\Java\javapath;C:\Program Files (x86)\Common Files\Oracle\Java\javapath;C:\Windows\system32;C:\Windows;C:\Windows\System32\Wbem;C:\Windows\System32\WindowsPowerShell\v1.0\;C:\Windows\System32\OpenSSH\;C:\Program Files\Git\cmd;C:\Users\Ales\AppData\Local\Microsoft\WindowsApps;C:\Users\Ales\AppData\Local\Programs\Microsoft VS Code\bin;C:\xampp\php;C:\Users\Ales\AppData\Local\ComposerSetup\bin;C:\Users\Ales\AppData\Roaming\Composer\vendor\bin;C:\Program Files\JetBrains\IntelliJ IDEA Community Edition 2021.3.3\bin;C:\Users\Ales\AppData\Local\gitkraken\bin;C:\Program Files\Spring_tools\sts-4.14.0.RELEASE;
USERNAME=Ales
OS=Windows_NT
PROCESSOR_IDENTIFIER=Intel64 Family 6 Model 60 Stepping 3, GenuineIntel



---------------  S Y S T E M  ---------------

OS: Windows 10 , 64 bit Build 19041 (10.0.19041.1706)

CPU:total 8 (initial active 8) (4 cores per cpu, 2 threads per core) family 6 model 60 stepping 3, cmov, cx8, fxsr, mmx, sse, sse2, sse3, ssse3, sse4.1, sse4.2, popcnt, avx, avx2, aes, clmul, erms, lzcnt, ht, tsc, tscinvbit, bmi1, bmi2

Memory: 4k page, physical 16624872k(8563036k free), swap 19115240k(6144916k free)

vm_info: Java HotSpot(TM) 64-Bit Server VM (25.321-b07) for windows-amd64 JRE (1.8.0_321-b07), built on Dec 15 2021 11:19:20 by "java_re" with MS VC++ 15.9 (VS2017)

time: Tue Jun  7 20:12:55 2022
timezone: Hora de verano romance
elapsed time: 174.146907 seconds (0d 0h 2m 54s)

